Release 14.3 - xst P.40xd (nt)
Copyright (c) 1995-2012 Xilinx, Inc.  All rights reserved.
--> Parameter TMPDIR set to xst/projnav.tmp


Total REAL time to Xst completion: 0.00 secs
Total CPU time to Xst completion: 0.55 secs
 
--> Parameter xsthdpdir set to xst


Total REAL time to Xst completion: 0.00 secs
Total CPU time to Xst completion: 0.55 secs
 
--> Reading design: arbiter_k.prj

TABLE OF CONTENTS
  1) Synthesis Options Summary
  2) HDL Compilation
  3) Design Hierarchy Analysis
  4) HDL Analysis
  5) HDL Synthesis
     5.1) HDL Synthesis Report
  6) Advanced HDL Synthesis
     6.1) Advanced HDL Synthesis Report
  7) Low Level Synthesis
  8) Partition Report
  9) Final Report
	9.1) Device utilization summary
	9.2) Partition Resource Summary
	9.3) TIMING REPORT


=========================================================================
*                      Synthesis Options Summary                        *
=========================================================================
---- Source Parameters
Input File Name                    : "arbiter_k.prj"
Input Format                       : mixed
Ignore Synthesis Constraint File   : NO

---- Target Parameters
Output File Name                   : "arbiter_k"
Output Format                      : NGC
Target Device                      : xc3s100e-5-cp132

---- Source Options
Top Module Name                    : arbiter_k
Automatic FSM Extraction           : YES
FSM Encoding Algorithm             : Auto
Safe Implementation                : No
FSM Style                          : LUT
RAM Extraction                     : Yes
RAM Style                          : Auto
ROM Extraction                     : Yes
Mux Style                          : Auto
Decoder Extraction                 : YES
Priority Encoder Extraction        : Yes
Shift Register Extraction          : YES
Logical Shifter Extraction         : YES
XOR Collapsing                     : YES
ROM Style                          : Auto
Mux Extraction                     : Yes
Resource Sharing                   : YES
Asynchronous To Synchronous        : NO
Multiplier Style                   : Auto
Automatic Register Balancing       : No

---- Target Options
Add IO Buffers                     : YES
Global Maximum Fanout              : 500
Add Generic Clock Buffer(BUFG)     : 24
Register Duplication               : YES
Slice Packing                      : YES
Optimize Instantiated Primitives   : NO
Use Clock Enable                   : Yes
Use Synchronous Set                : Yes
Use Synchronous Reset              : Yes
Pack IO Registers into IOBs        : Auto
Equivalent register Removal        : YES

---- General Options
Optimization Goal                  : Speed
Optimization Effort                : 1
Keep Hierarchy                     : No
Netlist Hierarchy                  : As_Optimized
RTL Output                         : Yes
Global Optimization                : AllClockNets
Read Cores                         : YES
Write Timing Constraints           : NO
Cross Clock Analysis               : NO
Hierarchy Separator                : /
Bus Delimiter                      : <>
Case Specifier                     : Maintain
Slice Utilization Ratio            : 100
BRAM Utilization Ratio             : 100
Verilog 2001                       : YES
Auto BRAM Packing                  : NO
Slice Utilization Ratio Delta      : 5

=========================================================================


=========================================================================
*                          HDL Compilation                              *
=========================================================================
Compiling verilog file "rr.v" in library work
Module <arbiter_k> compiled
No errors in compilation
Analysis of file <"arbiter_k.prj"> succeeded.
 

=========================================================================
*                     Design Hierarchy Analysis                         *
=========================================================================
Analyzing hierarchy for module <arbiter_k> in library <work> with parameters.
	IDLE = "000"
	REQ0 = "001"
	REQ1 = "010"
	REQ2 = "011"
	REQ3 = "100"


=========================================================================
*                            HDL Analysis                               *
=========================================================================
Analyzing top module <arbiter_k>.
	IDLE = 3'b000
	REQ0 = 3'b001
	REQ1 = 3'b010
	REQ2 = 3'b011
	REQ3 = 3'b100
WARNING:Xst:2321 - "rr.v" line 59: Parameter 1 ($time) is not supported in call of system task $display.
"rr.v" line 59: $display : req0 is granted
WARNING:Xst:2321 - "rr.v" line 72: Parameter 1 ($time) is not supported in call of system task $display.
"rr.v" line 72: $display : req1 is granted
WARNING:Xst:2321 - "rr.v" line 85: Parameter 1 ($time) is not supported in call of system task $display.
"rr.v" line 85: $display : req2 is granted
WARNING:Xst:2321 - "rr.v" line 98: Parameter 1 ($time) is not supported in call of system task $display.
"rr.v" line 98: $display : req3 is granted
WARNING:Xst:2321 - "rr.v" line 105: Parameter 1 ($time) is not supported in call of system task $display.
"rr.v" line 105: $display : invalid request
Module <arbiter_k> is correct for synthesis.
 

=========================================================================
*                           HDL Synthesis                               *
=========================================================================

Performing bidirectional port resolution...

Synthesizing Unit <arbiter_k>.
    Related source file is "rr.v".
INFO:Xst:2117 - HDL ADVISOR - Mux Selector <state> of Case statement line 29 was re-encoded using one-hot encoding. The case statement will be optimized (default statement optimization), but this optimization may lead to design initialization problems. To ensure the design works safely, you can:
   	- add an 'INIT' attribute on signal <state> (optimization is then done without any risk)
   	- use the attribute 'signal_encoding user' to avoid onehot optimization
   	- use the attribute 'safe_implementation yes' to force XST to perform a safe (but less efficient) optimization
    Using one-hot encoding for signal <state>.
WARNING:Xst:737 - Found 1-bit latch for signal <gnt0>. Latches may be generated from incomplete case or if statements. We do not recommend the use of latches in FPGA/CPLD designs, as they may lead to timing problems.
INFO:Xst:2371 - HDL ADVISOR - Logic functions respectively driving the data and gate enable inputs of this latch share common terms. This situation will potentially lead to setup/hold violations and, as a result, to simulation problems. This situation may come from an incomplete case statement (all selector values are not covered). You should carefully review if it was in your intentions to describe such a latch.
WARNING:Xst:737 - Found 1-bit latch for signal <gnt1>. Latches may be generated from incomplete case or if statements. We do not recommend the use of latches in FPGA/CPLD designs, as they may lead to timing problems.
INFO:Xst:2371 - HDL ADVISOR - Logic functions respectively driving the data and gate enable inputs of this latch share common terms. This situation will potentially lead to setup/hold violations and, as a result, to simulation problems. This situation may come from an incomplete case statement (all selector values are not covered). You should carefully review if it was in your intentions to describe such a latch.
WARNING:Xst:737 - Found 1-bit latch for signal <gnt2>. Latches may be generated from incomplete case or if statements. We do not recommend the use of latches in FPGA/CPLD designs, as they may lead to timing problems.
INFO:Xst:2371 - HDL ADVISOR - Logic functions respectively driving the data and gate enable inputs of this latch share common terms. This situation will potentially lead to setup/hold violations and, as a result, to simulation problems. This situation may come from an incomplete case statement (all selector values are not covered). You should carefully review if it was in your intentions to describe such a latch.
WARNING:Xst:737 - Found 1-bit latch for signal <gnt3>. Latches may be generated from incomplete case or if statements. We do not recommend the use of latches in FPGA/CPLD designs, as they may lead to timing problems.
INFO:Xst:2371 - HDL ADVISOR - Logic functions respectively driving the data and gate enable inputs of this latch share common terms. This situation will potentially lead to setup/hold violations and, as a result, to simulation problems. This situation may come from an incomplete case statement (all selector values are not covered). You should carefully review if it was in your intentions to describe such a latch.
    Found 5-bit register for signal <state>.
    Summary:
	inferred   5 D-type flip-flop(s).
Unit <arbiter_k> synthesized.


=========================================================================
HDL Synthesis Report

Macro Statistics
# Registers                                            : 1
 5-bit register                                        : 1
# Latches                                              : 4
 1-bit latch                                           : 4

=========================================================================

=========================================================================
*                       Advanced HDL Synthesis                          *
=========================================================================


=========================================================================
Advanced HDL Synthesis Report

Macro Statistics
# Registers                                            : 5
 Flip-Flops                                            : 5
# Latches                                              : 4
 1-bit latch                                           : 4

=========================================================================

=========================================================================
*                         Low Level Synthesis                           *
=========================================================================

Optimizing unit <arbiter_k> ...

Mapping all equations...
Building and optimizing final netlist ...
Found area constraint ratio of 100 (+ 5) on block arbiter_k, actual ratio is 1.

Final Macro Processing ...

=========================================================================
Final Register Report

Macro Statistics
# Registers                                            : 5
 Flip-Flops                                            : 5

=========================================================================

=========================================================================
*                           Partition Report                            *
=========================================================================

Partition Implementation Status
-------------------------------

  No Partitions were found in this design.

-------------------------------

=========================================================================
*                            Final Report                               *
=========================================================================
Final Results
RTL Top Level Output File Name     : arbiter_k.ngr
Top Level Output File Name         : arbiter_k
Output Format                      : NGC
Optimization Goal                  : Speed
Keep Hierarchy                     : No

Design Statistics
# IOs                              : 10

Cell Usage :
# BELS                             : 19
#      LUT2                        : 5
#      LUT3                        : 2
#      LUT4                        : 9
#      LUT4_L                      : 1
#      MUXF5                       : 2
# FlipFlops/Latches                : 9
#      FDR                         : 3
#      FDRS                        : 1
#      FDS                         : 1
#      LD                          : 4
# Clock Buffers                    : 1
#      BUFGP                       : 1
# IO Buffers                       : 9
#      IBUF                        : 5
#      OBUF                        : 4
=========================================================================

Device utilization summary:
---------------------------

Selected Device : 3s100ecp132-5 

 Number of Slices:                        9  out of    960     0%  
 Number of Slice Flip Flops:              5  out of   1920     0%  
 Number of 4 input LUTs:                 17  out of   1920     0%  
 Number of IOs:                          10
 Number of bonded IOBs:                  10  out of     83    12%  
    IOB Flip Flops:                       4
 Number of GCLKs:                         1  out of     24     4%  

---------------------------
Partition Resource Summary:
---------------------------

  No Partitions were found in this design.

---------------------------


=========================================================================
TIMING REPORT

NOTE: THESE TIMING NUMBERS ARE ONLY A SYNTHESIS ESTIMATE.
      FOR ACCURATE TIMING INFORMATION PLEASE REFER TO THE TRACE REPORT
      GENERATED AFTER PLACE-and-ROUTE.

Clock Information:
------------------
-----------------------------------+------------------------+-------+
Clock Signal                       | Clock buffer(FF name)  | Load  |
-----------------------------------+------------------------+-------+
gnt0_not0001(gnt0_not0001100:O)    | NONE(*)(gnt3)          | 4     |
clk                                | BUFGP                  | 5     |
-----------------------------------+------------------------+-------+
(*) This 1 clock signal(s) are generated by combinatorial logic,
and XST is not able to identify which are the primary clock signals.
Please use the CLOCK_SIGNAL constraint to specify the clock signal(s) generated by combinatorial logic.
INFO:Xst:2169 - HDL ADVISOR - Some clock signals were not automatically buffered by XST with BUFG/BUFR resources. Please use the buffer_type constraint in order to insert these buffers to the clock signals to help prevent skew problems.

Asynchronous Control Signals Information:
----------------------------------------
No asynchronous control signals found in this design

Timing Summary:
---------------
Speed Grade: -5

   Minimum period: 2.996ns (Maximum Frequency: 333.778MHz)
   Minimum input arrival time before clock: 3.735ns
   Maximum output required time after clock: 4.114ns
   Maximum combinational path delay: No path found

Timing Detail:
--------------
All values displayed in nanoseconds (ns)

=========================================================================
Timing constraint: Default period analysis for Clock 'clk'
  Clock period: 2.996ns (frequency: 333.778MHz)
  Total number of paths / destination ports: 14 / 6
-------------------------------------------------------------------------
Delay:               2.996ns (Levels of Logic = 2)
  Source:            state_3 (FF)
  Destination:       state_4 (FF)
  Source Clock:      clk rising
  Destination Clock: clk rising

  Data Path: state_3 to state_4
                                Gate     Net
    Cell:in->out      fanout   Delay   Delay  Logical Name (Net Name)
    ----------------------------------------  ------------
     FDR:C->Q              5   0.514   0.607  state_3 (state_3)
     LUT2:I1->O            2   0.612   0.383  nxt_state<4>1121 (gnt2_mux0000)
     LUT4:I3->O            1   0.612   0.000  nxt_state<4>11 (nxt_state<4>11)
     FDR:D                     0.268          state_4
    ----------------------------------------
    Total                      2.996ns (2.006ns logic, 0.990ns route)
                                       (67.0% logic, 33.0% route)

=========================================================================
Timing constraint: Default OFFSET IN BEFORE for Clock 'gnt0_not0001'
  Total number of paths / destination ports: 4 / 4
-------------------------------------------------------------------------
Offset:              2.740ns (Levels of Logic = 2)
  Source:            req2 (PAD)
  Destination:       gnt2 (LATCH)
  Destination Clock: gnt0_not0001 falling

  Data Path: req2 to gnt2
                                Gate     Net
    Cell:in->out      fanout   Delay   Delay  Logical Name (Net Name)
    ----------------------------------------  ------------
     IBUF:I->O             7   1.106   0.754  req2_IBUF (req2_IBUF)
     LUT2:I0->O            2   0.612   0.000  nxt_state<4>1121 (gnt2_mux0000)
     LD:D                      0.268          gnt2
    ----------------------------------------
    Total                      2.740ns (1.986ns logic, 0.754ns route)
                                       (72.5% logic, 27.5% route)

=========================================================================
Timing constraint: Default OFFSET IN BEFORE for Clock 'clk'
  Total number of paths / destination ports: 23 / 11
-------------------------------------------------------------------------
Offset:              3.735ns (Levels of Logic = 3)
  Source:            req2 (PAD)
  Destination:       state_4 (FF)
  Destination Clock: clk rising

  Data Path: req2 to state_4
                                Gate     Net
    Cell:in->out      fanout   Delay   Delay  Logical Name (Net Name)
    ----------------------------------------  ------------
     IBUF:I->O             7   1.106   0.754  req2_IBUF (req2_IBUF)
     LUT2:I0->O            2   0.612   0.383  nxt_state<4>1121 (gnt2_mux0000)
     LUT4:I3->O            1   0.612   0.000  nxt_state<4>11 (nxt_state<4>11)
     FDR:D                     0.268          state_4
    ----------------------------------------
    Total                      3.735ns (2.598ns logic, 1.137ns route)
                                       (69.6% logic, 30.4% route)

=========================================================================
Timing constraint: Default OFFSET OUT AFTER for Clock 'gnt0_not0001'
  Total number of paths / destination ports: 4 / 4
-------------------------------------------------------------------------
Offset:              4.114ns (Levels of Logic = 1)
  Source:            gnt0 (LATCH)
  Destination:       gnt0 (PAD)
  Source Clock:      gnt0_not0001 falling

  Data Path: gnt0 to gnt0
                                Gate     Net
    Cell:in->out      fanout   Delay   Delay  Logical Name (Net Name)
    ----------------------------------------  ------------
     LD:G->Q               1   0.588   0.357  gnt0 (gnt0_OBUF)
     OBUF:I->O                 3.169          gnt0_OBUF (gnt0)
    ----------------------------------------
    Total                      4.114ns (3.757ns logic, 0.357ns route)
                                       (91.3% logic, 8.7% route)

=========================================================================


Total REAL time to Xst completion: 11.00 secs
Total CPU time to Xst completion: 11.17 secs
 
--> 

Total memory usage is 212444 kilobytes

Number of errors   :    0 (   0 filtered)
Number of warnings :    9 (   0 filtered)
Number of infos    :    6 (   0 filtered)

